[38;5;228m2025-09-14 23:29:40[0m [0;38;5;214mOld log deleted[0m
[38;5;228m2025-09-14 23:29:40[0m [0;38;5;214mScript started. Log path: ./logs/collect-setup-parameters_20250914.log[0m
[38;5;228m2025-09-14 23:29:40[0m [0;38;5;214m[0;36mcollect-setup-parameters [validate_prerequisites] module[0;38;5;214m [1;33mValidate Prerequisites...[0m [1;33m[0m
[38;5;228m2025-09-14 23:29:41[0m [0;38;5;214m[0;36mcollect-setup-parameters [get_idol_host_fqdn] module[0;38;5;214m [1;33mGet IDOL host FQDN...[0m[0m
[38;5;228m2025-09-14 23:29:41[0m [0;38;5;214m[0;36mcollect-setup-parameters [get_idol_host_fqdn] module[0;38;5;214m IDOL host FQDN: [0;38;5;214mOTX-F1ZF574.opentext.net[0m[0m
[38;5;228m2025-09-14 23:29:41[0m [0;38;5;214m[0;36mcollect-setup-parameters [get_idol_cluster_ip] module[0;38;5;214m [1;33mGet IDOL [[0;38;5;214mHost][1;33m ip address...[0m[0m
[38;5;228m2025-09-14 23:29:42[0m [0;38;5;214m[0;36mcollect-setup-parameters [get_idol_cluster_ip] module[0;38;5;214m Selected Host IP is [0;32m[UP] 172.25.125.123[0m[0m
[38;5;228m2025-09-14 23:29:42[0m [0;38;5;214m[0;36mcollect-setup-parameters [get_idol_cluster_ip] module[0;38;5;214m [1;33mGet IDOL [[0;38;5;214mGuest][1;33m ip address...[0m[0m
[38;5;228m2025-09-14 23:29:42[0m [0;38;5;214m[0;36mcollect-setup-parameters [get_idol_cluster_ip] module[0;38;5;214m Selected Guest IP is [0;32m[UP] 172.25.112.1 [0m[0m
[38;5;228m2025-09-14 23:29:42[0m [0;38;5;214m[0;36mcollect-setup-parameters [collect_idol_setup_version] module[0;38;5;214m [1;33mCollect IDOL setup parameters and related variables...[0m[0m
[38;5;228m2025-09-14 23:29:44[0m [0;38;5;214m[0;36mcollect-setup-parameters [collect_idol_setup_version] module[0;38;5;214m IDOL version: [0;38;5;214m25.2[0m[0m
[38;5;228m2025-09-14 23:29:44[0m [0;38;5;214m[0;36mcollect-setup-parameters [collect_idol_setup_type] module[0;38;5;214m [1;33mCollect IDOL setup type...[0m[0m
[38;5;228m2025-09-14 23:29:47[0m [0;38;5;214m[0;36mcollect-setup-parameters [collect_idol_nifi_port] module[0;38;5;214m [1;33mCollect IDOL Nifi secure port...[1;33m[0m
[38;5;228m2025-09-14 23:29:49[0m [0;38;5;214m[0;36mcollect-setup-parameters [collect_idol_nifi_port] module[0;38;5;214m  Nifi secure port number is: [0;32m[8443][0m[0m
[38;5;228m2025-09-14 23:29:49[0m [0;38;5;214m[0;36mcollect-setup-parameters [collect_idol_nifi_deployment_info] module[0;38;5;214m [1;33mCollect IDOL Nifi deployment info...[0m[0m
[38;5;228m2025-09-14 23:29:50[0m [0;38;5;214m[0;36mcollect-setup-parameters [collect_idol_nifi_deployment_info] module[0;38;5;214m IDOL Nifi deployment: [0;38;5;214mnifi-ver2-minimal[0m[0m
[38;5;228m2025-09-14 23:29:50[0m [0;38;5;214m[0;36mcollect-setup-parameters [collect_idol_nifi_deployment_info] module[0;38;5;214m IDOL Nifi version: [0;38;5;214mnifi-ver2[0m[0m
[38;5;228m2025-09-14 23:29:50[0m [0;38;5;214m[0;36mcollect-setup-parameters [get_idol_preserve_status] module[0;38;5;214m [1;33mSet IDOL preserve status [Yes/No]...[0m[0m
[38;5;228m2025-09-14 23:29:51[0m [0;38;5;214m[0;36mcollect-setup-parameters [get_idol_preserve_status] module[0;38;5;214m Enable IDOL preserve data [./content and ./find] outside the container set to: [1;33m[TRUE][0m[0m
[38;5;228m2025-09-14 23:29:51[0m [0;38;5;214m[0;36mcollect-setup-parameters [set_idol_preserve_content_path] module[0;38;5;214m [1;33mSet IDOL local Preserve [CONTENT] path...[0m[0m
[38;5;228m2025-09-14 23:29:52[0m [0;38;5;214m[0;36mcollect-setup-parameters [set_idol_preserve_content_path] module[0;38;5;214m [0;38;5;214mIDOL local Preserve [MAIN] path: [0;32m[/opt/idol/persistent-data][0m[0m
[38;5;228m2025-09-14 23:29:52[0m [0;38;5;214m[0;36mcollect-setup-parameters [set_idol_preserve_content_path] module[0;38;5;214m [0;38;5;214mIDOL local Preserve [CONTENT] path: [0;32m[/opt/idol/persistent-data/content][0m[0m
[38;5;228m2025-09-14 23:29:52[0m [0;38;5;214m[0;36mcollect-setup-parameters [set_idol_preserve_find_path] module[0;38;5;214m [1;33mSet IDOL local Preserve Find home path...[0m[0m
[38;5;228m2025-09-14 23:29:52[0m [0;38;5;214m[0;36mcollect-setup-parameters [set_idol_preserve_find_path] module[0;38;5;214m [0;38;5;214mIDOL local Preserve Find home path: [0;32m[/opt/idol/persistent-data/find][0m[0m
[38;5;228m2025-09-14 23:29:52[0m [0;38;5;214m[0;36mcollect-setup-parameters [set_idol_preserve_find_path] module[0;38;5;214m📌 [1;33mData Preservation Options:[0m[0m
[38;5;228m2025-09-14 23:29:52[0m [0;38;5;214m[0;36mcollect-setup-parameters [set_idol_preserve_find_path] module[0;38;5;214m📌        [0;35m1. Preserve data OUTSIDE container (Recommended - Select YES)                   [0m[0m
[38;5;228m2025-09-14 23:29:52[0m [0;38;5;214m[0;36mcollect-setup-parameters [set_idol_preserve_find_path] module[0;38;5;214m📌        [0;35m   - Data persists when container is removed/recreated                          [0m[0m
[38;5;228m2025-09-14 23:29:52[0m [0;38;5;214m[0;36mcollect-setup-parameters [set_idol_preserve_find_path] module[0;38;5;214m📌        [0;35m   - The [NIFI] should be set to an [1;33mEXISTING[0;35m NIFI backup path [0m[0m
[38;5;228m2025-09-14 23:29:52[0m [0;38;5;214m[0;36mcollect-setup-parameters [set_idol_preserve_find_path] module[0;38;5;214m📌        [0;35m2. Keep data INSIDE container (Select NO)                                       [0m[0m
[38;5;228m2025-09-14 23:29:52[0m [0;38;5;214m[0;36mcollect-setup-parameters [set_idol_preserve_find_path] module[0;38;5;214m📌        [0;35m   - Data is lost when container is removed                                     [0m[0m
[38;5;228m2025-09-14 23:29:54[0m [0;38;5;214m[0;36mcollect-setup-parameters [set_idol_preserve_find_path] module[0;38;5;214m Enable IDOL preserve [NIFI] data outside the container set to: [1;33m[FALSE][0m[0m
[38;5;228m2025-09-14 23:29:54[0m [0;38;5;214m[0;36mcollect-setup-parameters [set_idol_nifi_persistence_path] module[0;38;5;214m [1;33mSet IDOL nifi persistence path...[0m[0m
[38;5;228m2025-09-14 23:29:54[0m [0;38;5;214m[0;36mcollect-setup-parameters [set_idol_toolkit_path] module[0;38;5;214m [1;33mSet IDOL toolkit path...[0m[0m
[38;5;228m2025-09-14 23:29:55[0m [0;38;5;214m[0;36mcollect-setup-parameters [set_idol_toolkit_path] module[0;38;5;214m [0;38;5;214mIDOL toolkit path is: [0;32m[/opt/idol/idol-containers-toolkit][0m[0m
[38;5;228m2025-09-14 23:29:55[0m [0;38;5;214m[0;36mcollect-setup-parameters [create_idol_host_storage_mapping] module[0;38;5;214m [1;33mCreate idol host storage mapping...[0m[0m
[38;5;228m2025-09-14 23:29:55[0m [0;38;5;214m[0;36mcollect-setup-parameters [create_idol_host_storage_mapping] module[0;38;5;214m [0;38;5;214mIDOL host storage path is: [0;32m[/mnt/c/OpenText/hotfolder][0m[0m
[38;5;228m2025-09-14 23:29:55[0m [0;38;5;214m[0;36mcollect-setup-parameters [show_env_variables] module[0;38;5;214m [1;33mPreviewing environment related variables...[0m[0m
[38;5;228m2025-09-14 23:29:55[0m [0;38;5;214m[0;36mcollect-setup-parameters [show_env_variables] module[0;38;5;214m [1;33m├── [ENV] [0;35mexport IS_IDOL_VALIDATION_MET=UNVALIDATION [0m[0m
[38;5;228m2025-09-14 23:29:55[0m [0;38;5;214m[0;36mcollect-setup-parameters [show_env_variables] module[0;38;5;214m [1;33m├── [ENV] [0;35mexport IDOL_HOST_FQDN=OTX-F1ZF574.opentext.net [0m[0m
[38;5;228m2025-09-14 23:29:55[0m [0;38;5;214m[0;36mcollect-setup-parameters [show_env_variables] module[0;38;5;214m [1;33m├── [ENV] [0;35mexport IDOL_NET_HOST_IP=172.25.125.123 [0m[0m
[38;5;228m2025-09-14 23:29:55[0m [0;38;5;214m[0;36mcollect-setup-parameters [show_env_variables] module[0;38;5;214m [1;33m├── [ENV] [0;35mexport IDOL_NET_GUEST_IP=172.25.112.1  [0m[0m
[38;5;228m2025-09-14 23:29:55[0m [0;38;5;214m[0;36mcollect-setup-parameters [show_env_variables] module[0;38;5;214m [1;33m├── [ENV] [0;35mexport IDOL_VERSION=25.2 [0m[0m
[38;5;228m2025-09-14 23:29:55[0m [0;38;5;214m[0;36mcollect-setup-parameters [show_env_variables] module[0;38;5;214m [1;33m├── [ENV] [0;35mexport IDOL_SETUP_TYPE=idol-secure-setup [0m[0m
[38;5;228m2025-09-14 23:29:55[0m [0;38;5;214m[0;36mcollect-setup-parameters [show_env_variables] module[0;38;5;214m [1;33m├── [ENV] [0;35mexport IDOL_ENABLE_SSL=TRUE [0m[0m
[38;5;228m2025-09-14 23:29:55[0m [0;38;5;214m[0;36mcollect-setup-parameters [show_env_variables] module[0;38;5;214m [1;33m├── [ENV] [0;35mexport IDOL_NIFI_PORT_NUMBER=8443 [0m[0m
[38;5;228m2025-09-14 23:29:55[0m [0;38;5;214m[0;36mcollect-setup-parameters [show_env_variables] module[0;38;5;214m [1;33m├── [ENV] [0;35mexport IDOL_NIFI_DEPLOY_TYPE=nifi-ver2-minimal [0m[0m
[38;5;228m2025-09-14 23:29:55[0m [0;38;5;214m[0;36mcollect-setup-parameters [show_env_variables] module[0;38;5;214m [1;33m├── [ENV] [0;35mexport IDOL_NIFI_DEPLOY_VERSION=nifi-ver2 [0m[0m
[38;5;228m2025-09-14 23:29:55[0m [0;38;5;214m[0;36mcollect-setup-parameters [show_env_variables] module[0;38;5;214m [1;33m├── [ENV] [0;35mexport IS_IDOL_PRESERVE=TRUE [0m[0m
[38;5;228m2025-09-14 23:29:55[0m [0;38;5;214m[0;36mcollect-setup-parameters [show_env_variables] module[0;38;5;214m [1;33m├── [ENV] [0;35mexport IDOL_PRESERVE_PATH=/opt/idol/persistent-data [0m[0m
[38;5;228m2025-09-14 23:29:55[0m [0;38;5;214m[0;36mcollect-setup-parameters [show_env_variables] module[0;38;5;214m [1;33m├── [ENV] [0;35mexport IDOL_CONTENT_PATH=/opt/idol/persistent-data/content [0m[0m
[38;5;228m2025-09-14 23:29:55[0m [0;38;5;214m[0;36mcollect-setup-parameters [show_env_variables] module[0;38;5;214m [1;33m├── [ENV] [0;35mexport IDOL_FIND_PATH=/opt/idol/persistent-data/find [0m[0m
[38;5;228m2025-09-14 23:29:55[0m [0;38;5;214m[0;36mcollect-setup-parameters [show_env_variables] module[0;38;5;214m [1;33m├── [ENV] [0;35mexport IS_IDOL_NIFI_PRESERVE=FALSE [0m[0m
[38;5;228m2025-09-14 23:29:55[0m [0;38;5;214m[0;36mcollect-setup-parameters [show_env_variables] module[0;38;5;214m [1;33m├── [ENV] [0;35mexport IDOL_TOOLKIT_PATH=/opt/idol/idol-containers-toolkit [0m[0m
[38;5;228m2025-09-14 23:29:55[0m [0;38;5;214m[0;36mcollect-setup-parameters [show_env_variables] module[0;38;5;214m [1;33m└── [ENV] [0;35mexport IDOL_HOST_STORAGE_PATH=/mnt/c/OpenText/hotfolder [0m[0m
[38;5;228m2025-09-14 23:29:55[0m [0;38;5;214m[0;36mcollect-setup-parameters [setup_nifi_registry] module[0;38;5;214m [1;33mSetup Nif Registry...[0m[0m
[38;5;228m2025-09-14 23:29:55[0m [0;38;5;214m[0;36mcollect-setup-parameters [setup_nifi_registry] module[0;38;5;214m [0;32m####################################################[0m[0m
[38;5;228m2025-09-14 23:29:55[0m [0;38;5;214m[0;36mcollect-setup-parameters [setup_nifi_registry] module[0;38;5;214m [0;32m##### Nifi Registry - Collect Setup Parameters #####[0m[0m
[38;5;228m2025-09-14 23:29:55[0m [0;38;5;214m[0;36mcollect-setup-parameters [setup_nifi_registry] module[0;38;5;214m [0;32m####################################################[0m[0m
[38;5;228m2025-09-14 23:29:55[0m [0;38;5;214m[0;36mcollect-setup-parameters [setup_nifi_registry] module[0;38;5;214m [0;32m##### 2025-09-14                [0m[0m
[38;5;228m2025-09-14 23:29:57[0m [0;38;5;214m[0;36mcollect-setup-parameters [show_env_variables] module[0;38;5;214m [1;33mPreviewing environment related variables...[0m[0m
[38;5;228m2025-09-14 23:29:57[0m [0;38;5;214m[0;36mcollect-setup-parameters [show_env_variables] module[0;38;5;214m [1;33m├── [ENV] [0;35mexport IS_IDOL_VALIDATION_MET=UNVALIDATION [0m[0m
[38;5;228m2025-09-14 23:29:57[0m [0;38;5;214m[0;36mcollect-setup-parameters [show_env_variables] module[0;38;5;214m [1;33m├── [ENV] [0;35mexport IDOL_HOST_FQDN=OTX-F1ZF574.opentext.net [0m[0m
[38;5;228m2025-09-14 23:29:57[0m [0;38;5;214m[0;36mcollect-setup-parameters [show_env_variables] module[0;38;5;214m [1;33m├── [ENV] [0;35mexport IDOL_NET_HOST_IP=172.25.125.123 [0m[0m
[38;5;228m2025-09-14 23:29:57[0m [0;38;5;214m[0;36mcollect-setup-parameters [show_env_variables] module[0;38;5;214m [1;33m├── [ENV] [0;35mexport IDOL_NET_GUEST_IP=172.25.112.1  [0m[0m
[38;5;228m2025-09-14 23:29:57[0m [0;38;5;214m[0;36mcollect-setup-parameters [show_env_variables] module[0;38;5;214m [1;33m├── [ENV] [0;35mexport IDOL_VERSION=25.2 [0m[0m
[38;5;228m2025-09-14 23:29:57[0m [0;38;5;214m[0;36mcollect-setup-parameters [show_env_variables] module[0;38;5;214m [1;33m├── [ENV] [0;35mexport IDOL_SETUP_TYPE=idol-secure-setup [0m[0m
[38;5;228m2025-09-14 23:29:57[0m [0;38;5;214m[0;36mcollect-setup-parameters [show_env_variables] module[0;38;5;214m [1;33m├── [ENV] [0;35mexport IDOL_ENABLE_SSL=TRUE [0m[0m
[38;5;228m2025-09-14 23:29:57[0m [0;38;5;214m[0;36mcollect-setup-parameters [show_env_variables] module[0;38;5;214m [1;33m├── [ENV] [0;35mexport IDOL_NIFI_PORT_NUMBER=8443 [0m[0m
[38;5;228m2025-09-14 23:29:57[0m [0;38;5;214m[0;36mcollect-setup-parameters [show_env_variables] module[0;38;5;214m [1;33m├── [ENV] [0;35mexport IDOL_NIFI_DEPLOY_TYPE=nifi-ver2-minimal [0m[0m
[38;5;228m2025-09-14 23:29:57[0m [0;38;5;214m[0;36mcollect-setup-parameters [show_env_variables] module[0;38;5;214m [1;33m├── [ENV] [0;35mexport IDOL_NIFI_DEPLOY_VERSION=nifi-ver2 [0m[0m
[38;5;228m2025-09-14 23:29:57[0m [0;38;5;214m[0;36mcollect-setup-parameters [show_env_variables] module[0;38;5;214m [1;33m├── [ENV] [0;35mexport IS_IDOL_PRESERVE=TRUE [0m[0m
[38;5;228m2025-09-14 23:29:57[0m [0;38;5;214m[0;36mcollect-setup-parameters [show_env_variables] module[0;38;5;214m [1;33m├── [ENV] [0;35mexport IDOL_PRESERVE_PATH=/opt/idol/persistent-data [0m[0m
[38;5;228m2025-09-14 23:29:57[0m [0;38;5;214m[0;36mcollect-setup-parameters [show_env_variables] module[0;38;5;214m [1;33m├── [ENV] [0;35mexport IDOL_CONTENT_PATH=/opt/idol/persistent-data/content [0m[0m
[38;5;228m2025-09-14 23:29:57[0m [0;38;5;214m[0;36mcollect-setup-parameters [show_env_variables] module[0;38;5;214m [1;33m├── [ENV] [0;35mexport IDOL_FIND_PATH=/opt/idol/persistent-data/find [0m[0m
[38;5;228m2025-09-14 23:29:57[0m [0;38;5;214m[0;36mcollect-setup-parameters [show_env_variables] module[0;38;5;214m [1;33m├── [ENV] [0;35mexport IS_IDOL_NIFI_PRESERVE=FALSE [0m[0m
[38;5;228m2025-09-14 23:29:57[0m [0;38;5;214m[0;36mcollect-setup-parameters [show_env_variables] module[0;38;5;214m [1;33m├── [ENV] [0;35mexport IDOL_TOOLKIT_PATH=/opt/idol/idol-containers-toolkit [0m[0m
[38;5;228m2025-09-14 23:29:57[0m [0;38;5;214m[0;36mcollect-setup-parameters [show_env_variables] module[0;38;5;214m [1;33m├── [ENV] [0;35mexport IDOL_HOST_STORAGE_PATH=/mnt/c/OpenText/hotfolder [0m[0m
[38;5;228m2025-09-14 23:29:57[0m [0;38;5;214m[0;36mcollect-setup-parameters [show_env_variables] module[0;38;5;214m [1;33m└── [ENV] [0;35mexport IS_IDOL_NIFI_REGISTRY_PRESERVE=FALSE [0m[0m
[38;5;228m2025-09-14 23:29:57[0m [0;38;5;214m[0;36mcollect-setup-parameters [setup_idol_licenseserver] module[0;38;5;214m [1;33mSetup License Server...[0m[0m
[38;5;228m2025-09-14 23:29:57[0m [0;38;5;214m[0;36mcollect-setup-parameters [setup_idol_licenseserver] module[0;38;5;214m [0;32m####################################################[0m[0m
[38;5;228m2025-09-14 23:29:57[0m [0;38;5;214m[0;36mcollect-setup-parameters [setup_idol_licenseserver] module[0;38;5;214m [0;32m##### License Server - Collect Setup Parameters ####[0m[0m
[38;5;228m2025-09-14 23:29:57[0m [0;38;5;214m[0;36mcollect-setup-parameters [setup_idol_licenseserver] module[0;38;5;214m [0;32m####################################################[0m[0m
[38;5;228m2025-09-14 23:29:57[0m [0;38;5;214m[0;36mcollect-setup-parameters [setup_idol_licenseserver] module[0;38;5;214m [0;32m##### 2025-09-14                [0m[0m
[38;5;228m2025-09-14 23:30:12[0m [0;38;5;214m[0;36mcollect-setup-parameters [setup_idol_licenseserver] module[0;38;5;214m [38;5;228mFile exists:[0;32m [/opt/idol/backup_licensekey/licensekey.dat][0m[0m
[38;5;228m2025-09-14 23:30:21[0m [0;38;5;214m[0;36mcollect-setup-parameters [setup_idol_licenseserver] module[0;38;5;214m [38;5;228mIDOL Docker access token is: [0;32m[validate][0m[0m
[38;5;228m2025-09-14 23:30:21[0m [0;38;5;214m[0;36mcollect-setup-parameters [setup_idol_licenseserver] module[0;38;5;214m📌 [1;33mIMPORTANT NOTE!!! - IDOL License Server[0m[0m
[38;5;228m2025-09-14 23:30:21[0m [0;38;5;214m[0;36mcollect-setup-parameters [setup_idol_licenseserver] module[0;38;5;214m📌 [1;33mIDOL License Server status: [0;38;5;214m[VALIDATE][0m[0m
[38;5;228m2025-09-14 23:30:21[0m [0;38;5;214m[0;36mcollect-setup-parameters [setup_idol_licenseserver] module[0;38;5;214m📌        [0;35mEnsure that the IDOL License Server is up and running.                               [0m[0m
[38;5;228m2025-09-14 23:30:21[0m [0;38;5;214m[0;36mcollect-setup-parameters [setup_idol_licenseserver] module[0;38;5;214m📌        [0;35mThe deployment of the IDOL solution depends on a valid and reachable license server. [0m[0m
[38;5;228m2025-09-14 23:30:21[0m [0;38;5;214m[0;36mcollect-setup-parameters [setup_idol_licenseserver] module[0;38;5;214m📌        [0;35mIf the license server is not available, the installation will fail.                  [0m[0m
[38;5;228m2025-09-14 23:30:21[0m [0;38;5;214m[0;36mcollect-setup-parameters [setup_idol_licenseserver] module[0;38;5;214m [1;33mLog files are located at [0;38;5;214m[/opt/idol/setup-idol/logs] [1;33mfolder.[0m[0m
