[38;5;228m2025-09-14 23:30:39[0m [0;38;5;214mOld log deleted[0m
[38;5;228m2025-09-14 23:30:39[0m [0;38;5;214mScript started. Log path: ./logs/install-idol_20250914.log[0m
[38;5;228m2025-09-14 23:30:39[0m [0;38;5;214m[0;36minstall-idol [update_idol_env_file] module[0;38;5;214m [1;33mUse the collected parameter values to update the [.env] file...[0m[0m
[38;5;228m2025-09-14 23:30:39[0m [0;38;5;214m[0;36minstall-idol [update_idol_env_file] module[0;38;5;214m [1;33mCopy [./nifi-templates/configuration-templates/.env-template] to [./idol-secure-setup/.env] [0m[0m
[38;5;228m2025-09-14 23:30:39[0m [0;38;5;214m[0;36minstall-idol [update_prefix_entry_in_file] module[0;38;5;214m [1;33mReplace match value [0;38;5;214m[SETUP-VERSION-PLACEHOLDER][1;33m with [0;38;5;214m[25.2] [1;33min file [0;38;5;214m[./idol-secure-setup/.env][0m[0m
[38;5;228m2025-09-14 23:30:39[0m [0;38;5;214m[0;36minstall-idol [update_prefix_entry_in_file] module[0;38;5;214m [1;33mReplace match value [0;38;5;214m[HOST-IP-PLACEHOLDER][1;33m with [0;38;5;214m[172.25.125.123] [1;33min file [0;38;5;214m[./idol-secure-setup/.env][0m[0m
[38;5;228m2025-09-14 23:30:39[0m [0;38;5;214m[0;36minstall-idol [update_idol_bindmount_file] module[0;38;5;214m [1;33mUse the collected parameter values to update the [docker-compose.bindmount.yml] file...[0m[0m
[38;5;228m2025-09-14 23:30:39[0m [0;38;5;214m[0;36minstall-idol [update_idol_bindmount_file] module[0;38;5;214m [1;33mCopy [./nifi-templates/configuration-templates/docker-compose.bindmount.yml-template] to [./idol-secure-setup/docker-compose.bindmount.yml] [0m[0m
[38;5;228m2025-09-14 23:30:39[0m [0;38;5;214m[0;36minstall-idol [update_prefix_entry_in_file] module[0;38;5;214m [1;33mReplace match value [0;38;5;214m[DRIVER-PLACEHOLDER][1;33m with [0;38;5;214m[local] [1;33min file [0;38;5;214m[./idol-secure-setup/docker-compose.bindmount.yml][0m[0m
[38;5;228m2025-09-14 23:30:39[0m [0;38;5;214m[0;36minstall-idol [update_prefix_entry_in_file] module[0;38;5;214m [1;33mReplace match value [0;38;5;214m[DEVICE-PATH-PLACEHOLDER][1;33m with [0;38;5;214m[/mnt/c/OpenText/hotfolder] [1;33min file [0;38;5;214m[./idol-secure-setup/docker-compose.bindmount.yml][0m[0m
[38;5;228m2025-09-14 23:30:39[0m [0;38;5;214m[0;36minstall-idol [update_idol_exposeports_file] module[0;38;5;214m [1;33mUse the collected parameter values to update the [docker-compose.expose-ports.yml] file...[0m[0m
[38;5;228m2025-09-14 23:30:39[0m [0;38;5;214m[0;36minstall-idol [update_idol_exposeports_file] module[0;38;5;214m [1;33mCopy [./nifi-templates/configuration-templates/docker-compose.expose-ports.yml-template] to [./idol-secure-setup/docker-compose.expose-ports.yml] [0m[0m
[38;5;228m2025-09-14 23:30:39[0m [0;38;5;214m[0;36minstall-idol [update_prefix_entry_in_file] module[0;38;5;214m [1;33mReplace match value [0;38;5;214m[NIFI-PORT-PLACEHOLDER][1;33m with [0;38;5;214m[8443] [1;33min file [0;38;5;214m[./idol-secure-setup/docker-compose.expose-ports.yml][0m[0m
[38;5;228m2025-09-14 23:30:39[0m [0;38;5;214m[0;36minstall-idol [update_prefix_entry_in_file] module[0;38;5;214m [38;5;228mNifi port number is [0;32m[8443].[0m[0m
[38;5;228m2025-09-14 23:30:39[0m [0;38;5;214m[0;36minstall-idol [update_prefix_entry_in_file] module[0;38;5;214m [1;33mReplace match value [0;38;5;214m[#DISABLE-PLACEHOLDER][1;33m with [0;38;5;214m[] [1;33min file [0;38;5;214m[./idol-secure-setup/docker-compose.expose-ports.yml][0m[0m
[38;5;228m2025-09-14 23:30:39[0m [0;38;5;214m[0;36minstall-idol [update_prefix_entry_in_file] module[0;38;5;214m [38;5;228m IDOL SSL is [0;32m[ENABLE][0m[0m
[38;5;228m2025-09-14 23:30:39[0m [0;38;5;214m[0;36minstall-idol [pull_idol_containers_toolkit] module[0;38;5;214m [1;33mPull IDOL containers toolkit...[0m[0m
[38;5;228m2025-09-14 23:30:39[0m [0;38;5;214m[0;36minstall-idol [pull_idol_containers_toolkit] module[0;38;5;214m [1;33mExisting repo found, removing...[0m[0m
[38;5;228m2025-09-14 23:30:41[0m [0;38;5;214m[0;36minstall-idol [pull_idol_containers_toolkit] module[0;38;5;214m [0;32mSuccessfully cloned IDOL containers toolkit into /opt/idol[0m[0m
[38;5;228m2025-09-14 23:30:41[0m [0;38;5;214m[0;36minstall-idol [update_idol_dockercompose_file] module[0;38;5;214m [1;33mUse the collected parameter values to update the [docker-compose.yml] file...[0m[0m
[38;5;228m2025-09-14 23:30:41[0m [0;38;5;214m[0;36minstall-idol [update_idol_dockercompose_file] module[0;38;5;214m [1;33mCopy [./nifi-templates/configuration-templates/docker-compose.yml-template] to [./idol-secure-setup/docker-compose.yml] [0m[0m
[38;5;228m2025-09-14 23:30:41[0m [0;38;5;214m[0;36minstall-idol [update_idol_dockercompose_file] module[0;38;5;214m [1;33mDirectory already exists, skipping: [/opt/idol/persistent-data] [0m[0m
[38;5;228m2025-09-14 23:30:41[0m [0;38;5;214m[0;36minstall-idol [update_idol_dockercompose_file] module[0;38;5;214m ⚠️ [38;5;228m Copy preserve to local [IDOL Content] subfolders [0;38;5;214m[/opt/idol/persistent-data/content][0m[0m
[38;5;228m2025-09-14 23:30:41[0m [0;38;5;214m[0;36minstall-idol [update_idol_dockercompose_file] module[0;38;5;214m ⚠️ [38;5;228m Copy preserve to local [IDOL Find] subfolders [0;38;5;214m[/opt/idol/persistent-data/find][0m[0m
[38;5;228m2025-09-14 23:30:41[0m [0;38;5;214m[0;36minstall-idol [update_prefix_entry_in_file] module[0;38;5;214m [1;33mReplace match value [0;38;5;214m[CONTENT-PATH-PLACEHOLDER][1;33m with [0;38;5;214m[/opt/idol/persistent-data/content] [1;33min file [0;38;5;214m[./idol-secure-setup/docker-compose.yml][0m[0m
[38;5;228m2025-09-14 23:30:41[0m [0;38;5;214m[0;36minstall-idol [update_prefix_entry_in_file] module[0;38;5;214m ⚠️ [38;5;228m Preserve to local Content cfg folder [0;38;5;214m[/opt/idol/persistent-data/content][0m[0m
[38;5;228m2025-09-14 23:30:41[0m [0;38;5;214m[0;36minstall-idol [update_prefix_entry_in_file] module[0;38;5;214m [1;33mReplace match value [0;38;5;214m[FIND-PATH-PLACEHOLDER][1;33m with [0;38;5;214m[/opt/idol/persistent-data/find] [1;33min file [0;38;5;214m[./idol-secure-setup/docker-compose.yml][0m[0m
[38;5;228m2025-09-14 23:30:41[0m [0;38;5;214m[0;36minstall-idol [update_prefix_entry_in_file] module[0;38;5;214m ⚠️ [38;5;228m Preserve to local Find home folder [0;38;5;214m[/opt/idol/persistent-data/find][0m[0m
[38;5;228m2025-09-14 23:30:41[0m [0;38;5;214m[0;36minstall-idol [update_prefix_entry_in_file] module[0;38;5;214m [1;33mReplace match value [0;38;5;214m[NIFI-PATH-PLACEHOLDER][1;33m with [0;38;5;214m[] [1;33min file [0;38;5;214m[./idol-secure-setup/docker-compose.yml][0m[0m
[38;5;228m2025-09-14 23:30:41[0m [0;38;5;214m[0;36minstall-idol [update_prefix_entry_in_file] module[0;38;5;214m [38;5;228mNifi persistence path: [0;32m[].[0m[0m
[38;5;228m2025-09-14 23:30:41[0m [0;38;5;214m[0;36minstall-idol [update_prefix_entry_in_file] module[0;38;5;214m [1;33mReplace match value [0;38;5;214m[NIFI-IMAGE-NAME-PLACEHOLDER][1;33m with [0;38;5;214m[nifi-ver2-minimal] [1;33min file [0;38;5;214m[./idol-secure-setup/docker-compose.yml][0m[0m
[38;5;228m2025-09-14 23:30:41[0m [0;38;5;214m[0;36minstall-idol [update_prefix_entry_in_file] module[0;38;5;214m ⚠️ [38;5;228m IDOL deployment type is [0;38;5;214m[nifi-ver2-minimal][0m[0m
[38;5;228m2025-09-14 23:30:41[0m [0;38;5;214m[0;36minstall-idol [update_prefix_entry_in_file] module[0;38;5;214m [1;33mReplace match value [0;38;5;214m[NIFI-FQDN-PLACEHOLDER][1;33m with [0;38;5;214m[OTX-F1ZF574.opentext.net] [1;33min file [0;38;5;214m[./idol-secure-setup/docker-compose.yml][0m[0m
[38;5;228m2025-09-14 23:30:41[0m [0;38;5;214m[0;36minstall-idol [update_prefix_entry_in_file] module[0;38;5;214m ⚠️ [38;5;228m IDOL FQDN is [0;38;5;214m[OTX-F1ZF574.opentext.net][0m[0m
[38;5;228m2025-09-14 23:30:41[0m [0;38;5;214m[0;36minstall-idol [update_prefix_entry_in_file] module[0;38;5;214m [1;33mReplace match value [0;38;5;214m[#HTTPS-PLACEHOLDER][1;33m with [0;38;5;214m[] [1;33min file [0;38;5;214m[./idol-secure-setup/docker-compose.yml][0m[0m
[38;5;228m2025-09-14 23:30:41[0m [0;38;5;214m[0;36minstall-idol [update_prefix_entry_in_file] module[0;38;5;214m [38;5;228m IDOL SSL is [0;32m[ENABLE][0m[0m
[38;5;228m2025-09-14 23:30:41[0m [0;38;5;214m[0;36minstall-idol [update_prefix_entry_in_file] module[0;38;5;214m [1;33mReplace match value [0;38;5;214m[NIFI-PORT-PLACEHOLDER][1;33m with [0;38;5;214m[8443] [1;33min file [0;38;5;214m[./idol-secure-setup/docker-compose.yml][0m[0m
[38;5;228m2025-09-14 23:30:41[0m [0;38;5;214m[0;36minstall-idol [update_prefix_entry_in_file] module[0;38;5;214m [38;5;228mNifi port number is [0;32m[8443].[0m[0m
[38;5;228m2025-09-14 23:30:41[0m [0;38;5;214m[0;36minstall-idol [update_prefix_entry_in_file] module[0;38;5;214m [1;33mReplace match value [0;38;5;214m[CERTS-PATH-PLACEHOLDER][1;33m with [0;38;5;214m[./certs] [1;33min file [0;38;5;214m[./idol-secure-setup/docker-compose.yml][0m[0m
[38;5;228m2025-09-14 23:30:41[0m [0;38;5;214m[0;36minstall-idol [update_prefix_entry_in_file] module[0;38;5;214m [38;5;228mNifi port number is [0;32m[8443].[0m[0m
[38;5;228m2025-09-14 23:30:41[0m [0;38;5;214m[0;36minstall-idol [update_idol_secure_nifi_properties_file] module[0;38;5;214m [1;33mUse the collected parameter values to update the [nifi.properties] file...[0m[0m
[38;5;228m2025-09-14 23:30:41[0m [0;38;5;214m[0;36minstall-idol [update_idol_secure_nifi_properties_file] module[0;38;5;214m [1;33mCopy [./nifi-templates/configuration-templates/nifi.properties-secure-template] to [./idol-secure-setup/nifi.properties] [0m[0m
[38;5;228m2025-09-14 23:30:41[0m [0;38;5;214m[0;36minstall-idol [update_prefix_entry_in_file] module[0;38;5;214m [1;33mReplace match value [0;38;5;214m[#HTTPS-PLACEHOLDER][1;33m with [0;38;5;214m[] [1;33min file [0;38;5;214m[./idol-secure-setup/nifi.properties][0m[0m
[38;5;228m2025-09-14 23:30:41[0m [0;38;5;214m[0;36minstall-idol [update_prefix_entry_in_file] module[0;38;5;214m [38;5;228m IDOL SSL is [0;32m[ENABLE][0m[0m
[38;5;228m2025-09-14 23:30:41[0m [0;38;5;214m[0;36minstall-idol [update_prefix_entry_in_file] module[0;38;5;214m [1;33mReplace match value [0;38;5;214m[NIFI-PORT-PLACEHOLDER][1;33m with [0;38;5;214m[8443] [1;33min file [0;38;5;214m[./idol-secure-setup/nifi.properties][0m[0m
[38;5;228m2025-09-14 23:30:41[0m [0;38;5;214m[0;36minstall-idol [update_prefix_entry_in_file] module[0;38;5;214m [38;5;228mNifi port number is [0;32m[8443].[0m[0m
[38;5;228m2025-09-14 23:30:41[0m [0;38;5;214m[0;36minstall-idol [update_idol_dockercompose_ssl_file] module[0;38;5;214m [1;33mUse the collected parameter values to update the [docker-compose.ssl.yml] file...[0m[0m
[38;5;228m2025-09-14 23:30:41[0m [0;38;5;214m[0;36minstall-idol [update_idol_dockercompose_ssl_file] module[0;38;5;214m [1;33mCopy [./nifi-templates/configuration-templates/docker-compose.ssl.yml-template] to [./idol-secure-setup/docker-compose.ssl.yml] [0m[0m
[38;5;228m2025-09-14 23:30:41[0m [0;38;5;214m[0;36minstall-idol [copy_ssl_certificates_to_idol_toolkit] module[0;38;5;214m [1;33mCopy [0;38;5;214m[SSL certificates files to [./idol-containers-toolkit/basic-idol/certs][1;33m folder...[0m[0m
[38;5;228m2025-09-14 23:30:41[0m [0;38;5;214m[0;36minstall-idol [copy_ssl_certificates_to_idol_toolkit] module[0;38;5;214m [1;33mCopy ssl certificates from [0;38;5;214m[./idol-secure-setup/certs/][1;33m to [0;38;5;214m[/opt/idol/idol-containers-toolkit/basic-idol/] [0m[0m
[38;5;228m2025-09-14 23:30:41[0m [0;38;5;214m[0;36minstall-idol [upgrade_idol_deployment_scripts] module[0;38;5;214m [1;33mUpgrade IDOL Deployment Scripts...[0m[0m
[38;5;228m2025-09-14 23:30:41[0m [0;38;5;214m[0;36minstall-idol [upgrade_idol_deployment_scripts] module[0;38;5;214m [1;33mCopy script [0;38;5;214m[./nifi/nifi.properties][0m[0m
[38;5;228m2025-09-14 23:30:41[0m [0;38;5;214m[0;36minstall-idol [upgrade_idol_deployment_scripts] module[0;38;5;214m [1;33mCopy script [0;38;5;214m[deploy.sh][0m[0m
[38;5;228m2025-09-14 23:30:41[0m [0;38;5;214m[0;36minstall-idol [upgrade_idol_deployment_scripts] module[0;38;5;214m [1;33mCopy script [0;38;5;214m[.env][0m[0m
[38;5;228m2025-09-14 23:30:41[0m [0;38;5;214m[0;36minstall-idol [upgrade_idol_deployment_scripts] module[0;38;5;214m [1;33mCopy script [0;38;5;214m[docker-compose.yml][0m[0m
[38;5;228m2025-09-14 23:30:41[0m [0;38;5;214m[0;36minstall-idol [upgrade_idol_deployment_scripts] module[0;38;5;214m [1;33mCopy script [0;38;5;214m[docker-compose.ssl.yml][0m[0m
[38;5;228m2025-09-14 23:30:41[0m [0;38;5;214m[0;36minstall-idol [upgrade_idol_deployment_scripts] module[0;38;5;214m [1;33mCopy script [0;38;5;214m[docker-compose.bindmount.yml][0m[0m
[38;5;228m2025-09-14 23:30:41[0m [0;38;5;214m[0;36minstall-idol [upgrade_idol_deployment_scripts] module[0;38;5;214m [1;33mCopy script [0;38;5;214m[docker-compose.expose-ports.yml][0m[0m
[38;5;228m2025-09-14 23:30:41[0m [0;38;5;214m[0;36minstall-idol [setup_nifi_registry] module[0;38;5;214m [1;33mSetup Nif Registry...[0m[0m
[38;5;228m2025-09-14 23:30:41[0m [0;38;5;214m[0;36minstall-idol [setup_nifi_registry] module[0;38;5;214m ⚠️ [38;5;228m Copy [NIFI REGISTRY] preserve data to local location: [0;38;5;214m[/opt/idol/idol-containers-toolkit/persistent-data/nifi-registry/conf][0m[0m
[38;5;228m2025-09-14 23:30:41[0m [0;38;5;214m[0;36minstall-idol [setup_nifi_registry] module[0;38;5;214m ⚠️ [38;5;228m Copy [NIFI REGISTRY] preserve data to local location: [0;38;5;214m[/opt/idol/idol-containers-toolkit/persistent-data/nifi-registry/database][0m[0m
[38;5;228m2025-09-14 23:30:41[0m [0;38;5;214m[0;36minstall-idol [setup_nifi_registry] module[0;38;5;214m ⚠️ [38;5;228m Copy [NIFI REGISTRY] preserve data to local location: [0;38;5;214m[/opt/idol/idol-containers-toolkit/persistent-data/nifi-registry/flow_storage][0m[0m
[38;5;228m2025-09-14 23:30:41[0m [0;38;5;214m[0;36minstall-idol [setup_nifi_registry] module[0;38;5;214m ⚠️ [38;5;228m Copy [NIFI REGISTRY] preserve data script: [0;38;5;214m[docker-compose.nifi-registry.yml][0m[0m
[38;5;228m2025-09-14 23:30:41[0m [0;38;5;214m[0;36minstall-idol [setup_nifi_registry] module[0;38;5;214m ⚠️ [38;5;228m Copy [NIFI REGISTRY] preserve data script: [0;38;5;214m[deploy-nifi-registry.sh][0m[0m
[38;5;228m2025-09-14 23:30:41[0m [0;38;5;214m[0;36minstall-idol [setup_nifi_registry] module[0;38;5;214m [1;33m====================================[0m[0m
[38;5;228m2025-09-14 23:30:41[0m [0;38;5;214m[0;36minstall-idol [setup_nifi_registry] module[0;38;5;214m [1;33m NiFi access information            [0m[0m
[38;5;228m2025-09-14 23:30:41[0m [0;38;5;214m[0;36minstall-idol [setup_nifi_registry] module[0;38;5;214m [1;33m------------------------------------[0m[0m
[38;5;228m2025-09-14 23:30:41[0m [0;38;5;214m[0;36minstall-idol [setup_nifi_registry] module[0;38;5;214m [1;33m Username: [0;38;5;214madmin           [0m[0m
[38;5;228m2025-09-14 23:30:41[0m [0;38;5;214m[0;36minstall-idol [setup_nifi_registry] module[0;38;5;214m [1;33m Password: [0;38;5;214mNifi-Admin1!    [0m[0m
[38;5;228m2025-09-14 23:30:41[0m [0;38;5;214m[0;36minstall-idol [setup_nifi_registry] module[0;38;5;214m [1;33m====================================[0m[0m
[38;5;228m2025-09-14 23:30:41[0m [0;38;5;214m[0;36minstall-idol [setup_nifi_registry] module[0;38;5;214m [1;33mLog files are located at [0;38;5;214m[/opt/idol/setup-idol/logs] [1;33mfolder.[0m[0m
